0 info it worked if it ends with ok
1 verbose cli [ '/usr/bin/nodejs', '/usr/bin/npm', 'install', '-g', 'gulp-cli' ]
2 info using npm@2.15.1
3 info using node@v4.4.3
4 verbose install initial load of /usr/lib/package.json
5 verbose readDependencies loading dependencies from /usr/lib/package.json
6 silly cache add args [ 'gulp-cli', null ]
7 verbose cache add spec gulp-cli
8 silly cache add parsed spec Result {
8 silly cache add   raw: 'gulp-cli',
8 silly cache add   scope: null,
8 silly cache add   name: 'gulp-cli',
8 silly cache add   rawSpec: '',
8 silly cache add   spec: 'latest',
8 silly cache add   type: 'tag' }
9 silly addNamed gulp-cli@latest
10 verbose addNamed "latest" is being treated as a dist-tag for gulp-cli
11 info addNameTag [ 'gulp-cli', 'latest' ]
12 silly mapToRegistry name gulp-cli
13 silly mapToRegistry using default registry
14 silly mapToRegistry registry https://registry.npmjs.org/
15 silly mapToRegistry data Result {
15 silly mapToRegistry   raw: 'gulp-cli',
15 silly mapToRegistry   scope: null,
15 silly mapToRegistry   name: 'gulp-cli',
15 silly mapToRegistry   rawSpec: '',
15 silly mapToRegistry   spec: 'latest',
15 silly mapToRegistry   type: 'tag' }
16 silly mapToRegistry uri https://registry.npmjs.org/gulp-cli
17 verbose addNameTag registry:https://registry.npmjs.org/gulp-cli not in flight; fetching
18 verbose request uri https://registry.npmjs.org/gulp-cli
19 verbose request no auth needed
20 info attempt registry request try #1 at 9:24:44 AM
21 verbose request id ab0ab7b3a18a91e6
22 http request GET https://registry.npmjs.org/gulp-cli
23 http 200 https://registry.npmjs.org/gulp-cli
24 verbose headers { server: 'CouchDB/1.5.0 (Erlang OTP/R16B03)',
24 verbose headers   etag: '"M6I51JB13RV7QPR61S9YP9BB"',
24 verbose headers   'content-type': 'application/json',
24 verbose headers   'content-encoding': 'gzip',
24 verbose headers   'cache-control': 'max-age=300',
24 verbose headers   'content-length': '5509',
24 verbose headers   'accept-ranges': 'bytes',
24 verbose headers   date: 'Sat, 14 May 2016 07:24:46 GMT',
24 verbose headers   via: '1.1 varnish',
24 verbose headers   age: '0',
24 verbose headers   connection: 'keep-alive',
24 verbose headers   'x-served-by': 'cache-lhr6344-LHR',
24 verbose headers   'x-cache': 'MISS',
24 verbose headers   'x-cache-hits': '0',
24 verbose headers   'x-timer': 'S1463210685.663848,VS0,VE696',
24 verbose headers   vary: 'Accept-Encoding' }
25 silly get cb [ 200,
25 silly get   { server: 'CouchDB/1.5.0 (Erlang OTP/R16B03)',
25 silly get     etag: '"M6I51JB13RV7QPR61S9YP9BB"',
25 silly get     'content-type': 'application/json',
25 silly get     'content-encoding': 'gzip',
25 silly get     'cache-control': 'max-age=300',
25 silly get     'content-length': '5509',
25 silly get     'accept-ranges': 'bytes',
25 silly get     date: 'Sat, 14 May 2016 07:24:46 GMT',
25 silly get     via: '1.1 varnish',
25 silly get     age: '0',
25 silly get     connection: 'keep-alive',
25 silly get     'x-served-by': 'cache-lhr6344-LHR',
25 silly get     'x-cache': 'MISS',
25 silly get     'x-cache-hits': '0',
25 silly get     'x-timer': 'S1463210685.663848,VS0,VE696',
25 silly get     vary: 'Accept-Encoding' } ]
26 verbose get saving gulp-cli to /home/dewet/.npm/registry.npmjs.org/gulp-cli/.cache.json
27 verbose correctMkdir /home/dewet/.npm correctMkdir not in flight; initializing
28 verbose makeDirectory /home/dewet/.npm creation not in flight; initializing
29 silly makeDirectory /home/dewet/.npm uid: 1000 gid: 1000
30 silly addNameTag next cb for gulp-cli with tag latest
31 silly addNamed gulp-cli@1.2.1
32 verbose addNamed "1.2.1" is a plain semver version for gulp-cli
33 silly mapToRegistry name gulp-cli
34 silly mapToRegistry using default registry
35 silly mapToRegistry registry https://registry.npmjs.org/
36 silly mapToRegistry data Result {
36 silly mapToRegistry   raw: 'gulp-cli',
36 silly mapToRegistry   scope: null,
36 silly mapToRegistry   name: 'gulp-cli',
36 silly mapToRegistry   rawSpec: '',
36 silly mapToRegistry   spec: 'latest',
36 silly mapToRegistry   type: 'tag' }
37 silly mapToRegistry uri https://registry.npmjs.org/gulp-cli
38 verbose addRemoteTarball https://registry.npmjs.org/gulp-cli/-/gulp-cli-1.2.1.tgz not in flight; adding
39 verbose addRemoteTarball [ 'https://registry.npmjs.org/gulp-cli/-/gulp-cli-1.2.1.tgz',
39 verbose addRemoteTarball   '9fd52c50e44fe8eb04a54b3cee23d4a021e3fd3d' ]
40 info retry fetch attempt 1 at 9:24:46 AM
41 info attempt registry request try #1 at 9:24:46 AM
42 http fetch GET https://registry.npmjs.org/gulp-cli/-/gulp-cli-1.2.1.tgz
43 http fetch 200 https://registry.npmjs.org/gulp-cli/-/gulp-cli-1.2.1.tgz
44 silly fetchAndShaCheck shasum 9fd52c50e44fe8eb04a54b3cee23d4a021e3fd3d
45 verbose addTmpTarball /tmp/npm-16008-6cb3f7a2/registry.npmjs.org/gulp-cli/-/gulp-cli-1.2.1.tgz not in flight; adding
46 verbose addTmpTarball already have metadata; skipping unpack for gulp-cli@1.2.1
47 verbose correctMkdir /home/dewet/.npm correctMkdir not in flight; initializing
48 silly cache afterAdd gulp-cli@1.2.1
49 verbose afterAdd /home/dewet/.npm/gulp-cli/1.2.1/package/package.json not in flight; writing
50 verbose correctMkdir /home/dewet/.npm correctMkdir not in flight; initializing
51 verbose afterAdd /home/dewet/.npm/gulp-cli/1.2.1/package/package.json written
52 silly install resolved [ { name: 'gulp-cli',
52 silly install resolved     version: '1.2.1',
52 silly install resolved     description: 'Command line interface for gulp',
52 silly install resolved     author:
52 silly install resolved      { name: 'Gulp Team',
52 silly install resolved        email: 'team@gulpjs.com',
52 silly install resolved        url: 'http://gulpjs.com/' },
52 silly install resolved     contributors: [],
52 silly install resolved     homepage: 'http://gulpjs.com',
52 silly install resolved     repository:
52 silly install resolved      { type: 'git',
52 silly install resolved        url: 'git+https://github.com/gulpjs/gulp-cli.git' },
52 silly install resolved     license: 'MIT',
52 silly install resolved     man: [ 'gulp.1' ],
52 silly install resolved     engines: { node: '>= 0.10' },
52 silly install resolved     main: 'index.js',
52 silly install resolved     bin: { gulp: 'bin/gulp.js' },
52 silly install resolved     files: [ 'index.js', 'lib', 'bin', 'completion', 'gulp.1' ],
52 silly install resolved     scripts:
52 silly install resolved      { coveralls: 'lab -r lcov | coveralls',
52 silly install resolved        lint: 'eslint . && jscs index.js bin/ lib/ test/',
52 silly install resolved        prepublish: 'marked-man --name gulp docs/CLI.md > gulp.1',
52 silly install resolved        pretest: 'npm run lint',
52 silly install resolved        test: 'lab test/*.js -cv' },
52 silly install resolved     dependencies:
52 silly install resolved      { archy: '^1.0.0',
52 silly install resolved        chalk: '^1.1.0',
52 silly install resolved        'fancy-log': '^1.1.0',
52 silly install resolved        gulplog: '^1.0.0',
52 silly install resolved        interpret: '^1.0.0',
52 silly install resolved        liftoff: '^2.1.0',
52 silly install resolved        'lodash.sortby': '^4.0.1',
52 silly install resolved        matchdep: '^1.0.0',
52 silly install resolved        'mute-stdout': '^1.0.0',
52 silly install resolved        'pretty-hrtime': '^1.0.0',
52 silly install resolved        'semver-greatest-satisfied-range': '^1.0.0',
52 silly install resolved        tildify: '^1.0.0',
52 silly install resolved        v8flags: '^2.0.9',
52 silly install resolved        wreck: '^6.3.0',
52 silly install resolved        yargs: '^3.28.0' },
52 silly install resolved     devDependencies:
52 silly install resolved      { 'babel-preset-es2015': '^6.5.0',
52 silly install resolved        'babel-register': '^6.5.1',
52 silly install resolved        code: '^1.2.1',
52 silly install resolved        coveralls: '^2.7.0',
52 silly install resolved        eslint: '^1.7.3',
52 silly install resolved        'eslint-config-gulp': '^2.0.0',
52 silly install resolved        'fs-extra': '^0.26.1',
52 silly install resolved        gulp: 'github:gulpjs/gulp#4.0',
52 silly install resolved        jscs: '^2.3.5',
52 silly install resolved        'jscs-preset-gulp': '^1.0.0',
52 silly install resolved        lab: '^6.2.0',
52 silly install resolved        'marked-man': '^0.1.3' },
52 silly install resolved     keywords: [ 'build', 'stream', 'system', 'make', 'tool', 'asset', 'pipeline' ],
52 silly install resolved     gitHead: 'fef30d8de1dc32437fe796c7c07e94e58abd71bb',
52 silly install resolved     bugs: { url: 'https://github.com/gulpjs/gulp-cli/issues' },
52 silly install resolved     _id: 'gulp-cli@1.2.1',
52 silly install resolved     _shasum: '9fd52c50e44fe8eb04a54b3cee23d4a021e3fd3d',
52 silly install resolved     _from: 'gulp-cli@latest',
52 silly install resolved     _npmVersion: '2.14.14',
52 silly install resolved     _nodeVersion: '0.10.41',
52 silly install resolved     _npmUser: { name: 'phated', email: 'blaine@iceddev.com' },
52 silly install resolved     maintainers: [ [Object], [Object] ],
52 silly install resolved     dist:
52 silly install resolved      { shasum: '9fd52c50e44fe8eb04a54b3cee23d4a021e3fd3d',
52 silly install resolved        tarball: 'https://registry.npmjs.org/gulp-cli/-/gulp-cli-1.2.1.tgz' },
52 silly install resolved     _npmOperationalInternal:
52 silly install resolved      { host: 'packages-6-west.internal.npmjs.com',
52 silly install resolved        tmp: 'tmp/gulp-cli-1.2.1.tgz_1455051669450_0.3080240413546562' },
52 silly install resolved     directories: {},
52 silly install resolved     _resolved: 'https://registry.npmjs.org/gulp-cli/-/gulp-cli-1.2.1.tgz' } ]
53 info install gulp-cli@1.2.1 into /usr/lib
54 info installOne gulp-cli@1.2.1
55 verbose installOne of gulp-cli to /usr/lib not in flight; installing
56 verbose correctMkdir /home/dewet/.npm/_locks correctMkdir not in flight; initializing
57 verbose makeDirectory /home/dewet/.npm/_locks creation not in flight; initializing
58 silly makeDirectory /home/dewet/.npm/_locks uid: 1000 gid: 1000
59 verbose lock using /home/dewet/.npm/_locks/gulp-cli-250b6426d151cee6.lock for /usr/lib/node_modules/gulp-cli
60 silly install write writing gulp-cli 1.2.1 to /usr/lib/node_modules/gulp-cli
61 verbose unbuild lib/node_modules/gulp-cli
62 silly gentlyRm /usr/lib/node_modules/gulp-cli is being purged from base /usr
63 verbose gentlyRm don't care about contents; nuking /usr/lib/node_modules/gulp-cli
64 verbose tar unpack /home/dewet/.npm/gulp-cli/1.2.1/package.tgz
65 verbose tar unpacking to /usr/lib/node_modules/gulp-cli
66 silly gentlyRm /usr/lib/node_modules/gulp-cli is being purged
67 verbose gentlyRm don't care about contents; nuking /usr/lib/node_modules/gulp-cli
68 silly gunzTarPerm modes [ '755', '644' ]
69 error tar.unpack untar error /home/dewet/.npm/gulp-cli/1.2.1/package.tgz
70 verbose unlock done using /home/dewet/.npm/_locks/gulp-cli-250b6426d151cee6.lock for /usr/lib/node_modules/gulp-cli
71 verbose fstream_path /usr/lib/node_modules/gulp-cli
72 verbose fstream_type Directory
73 verbose fstream_class DirWriter
74 verbose stack Error: EACCES: permission denied, mkdir '/usr/lib/node_modules/gulp-cli'
74 verbose stack     at Error (native)
75 verbose fstream_stack /usr/lib/node_modules/npm/node_modules/fstream/lib/dir-writer.js:35:25
75 verbose fstream_stack /usr/lib/node_modules/npm/node_modules/mkdirp/index.js:47:53
75 verbose fstream_stack FSReqWrap.oncomplete (fs.js:82:15)
76 verbose cwd /home/dewet/exercism/ecmascript
77 error Linux 3.19.0-32-generic
78 error argv "/usr/bin/nodejs" "/usr/bin/npm" "install" "-g" "gulp-cli"
79 error node v4.4.3
80 error npm  v2.15.1
81 error path /usr/lib/node_modules/gulp-cli
82 error code EACCES
83 error errno -13
84 error syscall mkdir
85 error Error: EACCES: permission denied, mkdir '/usr/lib/node_modules/gulp-cli'
85 error     at Error (native)
85 error  { [Error: EACCES: permission denied, mkdir '/usr/lib/node_modules/gulp-cli']
85 error   errno: -13,
85 error   code: 'EACCES',
85 error   syscall: 'mkdir',
85 error   path: '/usr/lib/node_modules/gulp-cli',
85 error   fstream_type: 'Directory',
85 error   fstream_path: '/usr/lib/node_modules/gulp-cli',
85 error   fstream_class: 'DirWriter',
85 error   fstream_stack:
85 error    [ '/usr/lib/node_modules/npm/node_modules/fstream/lib/dir-writer.js:35:25',
85 error      '/usr/lib/node_modules/npm/node_modules/mkdirp/index.js:47:53',
85 error      'FSReqWrap.oncomplete (fs.js:82:15)' ] }
86 error Please try running this command again as root/Administrator.
87 verbose exit [ -13, true ]
88 verbose unbuild lib/node_modules/gulp-cli
89 silly gentlyRm /usr/lib/node_modules/gulp-cli is being purged from base /usr
90 verbose gentlyRm don't care about contents; nuking /usr/lib/node_modules/gulp-cli
